<?xml version="1.0" encoding="UTF-8"?>
<testng-results ignored="0" total="1" passed="1" failed="0" skipped="0">
  <reporter-output>
  </reporter-output>
  <suite started-at="2023-09-25T12:07:11 IST" name="Suite" finished-at="2023-09-25T12:07:29 IST" duration-ms="17820">
    <groups>
    </groups>
    <test started-at="2023-09-25T12:07:11 IST" name="Test" finished-at="2023-09-25T12:07:29 IST" duration-ms="17820">
      <class name="testCases.TC_02Login">
        <test-method is-config="true" signature="setUp(java.lang.String)[pri:0, instance:testCases.TC_02Login@3349e9bb]" started-at="2023-09-25T12:07:11 IST" name="setUp" finished-at="2023-09-25T12:07:21 IST" duration-ms="9678" status="PASS">
          <params>
            <param index="0">
              <value>
                <![CDATA[chrome]]>
              </value>
            </param>
          </params>
          <reporter-output>
          </reporter-output>
        </test-method> <!-- setUp -->
        <test-method signature="testLogin()[pri:0, instance:testCases.TC_02Login@3349e9bb]" started-at="2023-09-25T12:07:21 IST" name="testLogin" finished-at="2023-09-25T12:07:29 IST" duration-ms="8047" status="PASS">
          <reporter-output>
          </reporter-output>
        </test-method> <!-- testLogin -->
        <test-method is-config="true" signature="tearDown()[pri:0, instance:testCases.TC_02Login@3349e9bb]" started-at="2023-09-25T12:07:29 IST" name="tearDown" finished-at="2023-09-25T12:07:29 IST" duration-ms="2" status="PASS">
          <reporter-output>
          </reporter-output>
        </test-method> <!-- tearDown -->
      </class> <!-- testCases.TC_02Login -->
    </test> <!-- Test -->
  </suite> <!-- Suite -->
</testng-results>
